#
# A fatal error has been detected by the Java Runtime Environment:
#
#  EXCEPTION_ACCESS_VIOLATION (0xc0000005) at pc=0x00007ffeb2223899, pid=15452, tid=0x0000000000000e98
#
# JRE version: OpenJDK Runtime Environment (8.0_302-b08) (build 1.8.0_302-b08)
# Java VM: OpenJDK 64-Bit Server VM (25.302-b08 mixed mode windows-amd64 compressed oops)
# Problematic frame:
# C  [ig11icd64.dll+0x593899]
#
# Failed to write core dump. Minidumps are not enabled by default on client versions of Windows
#
# If you would like to submit a bug report, please visit:
#   https://github.com/adoptium/adoptium-support/issues
#

---------------  T H R E A D  ---------------

Current thread (0x000001e3da4cd000):  VMThread [stack: 0x000000a828800000,0x000000a828900000] [id=3736]

siginfo: ExceptionCode=0xc0000005, reading address 0x00000000000352d8

Registers:
RAX=0x000001e3df3ae868, RBX=0x000001e3df3ae7a0, RCX=0x0000000000000000, RDX=0x000001e3df3ae868
RSP=0x000000a8288fea00, RBP=0x000001e3df3af2c0, RSI=0x000001e3df3aecb0, RDI=0x000001e3df47d1e0
R8 =0x0000000000000030, R9 =0x0000000000000000, R10=0x0000000000000000, R11=0x0000000000000246
R12=0x0000000000000000, R13=0x0000000000000000, R14=0x0000000000000000, R15=0x0000000000000000
RIP=0x00007ffeb2223899, EFLAGS=0x0000000000010202

Top of Stack: (sp=0x000000a8288fea00)
0x000000a8288fea00:   000001e3df3bce40 19da014785d90144
0x000000a8288fea10:   000000a8288fea48 0000005400000000
0x000000a8288fea20:   00007ffeb2bd2630 0000000000000092
0x000000a8288fea30:   000001e3defe11f0 0000000000000070
0x000000a8288fea40:   0000000000000000 00007ffeb2205884
0x000000a8288fea50:   000001e3df3bce40 000001e3df47d1e0
0x000000a8288fea60:   000000a8288feb50 0000000000000000
0x000000a8288fea70:   0000000000002a4c 0000000000000000
0x000000a8288fea80:   c8f4007aadf4013d d4f700ecd9f6012f
0x000000a8288fea90:   67fa01addaf7015f 00000007000100cb
0x000000a8288feaa0:   0140000e014c2ce4 392f00f812020000
0x000000a8288feab0:   695d00b4114b00d5 a87b00902c68011d
0x000000a8288feac0:   279f00e3fa8a00d1 95a600cfada500ff
0x000000a8288fead0:   77c700aa1baa011d f0fb012864f300d7
0x000000a8288feae0:   0000014100070059 01656518016c5906
0x000000a8288feaf0:   0000b80200000000 0000000000002a4c 

Instructions: (pc=0x00007ffeb2223899)
0x00007ffeb2223879:   1d 8b c1 83 e0 0f 48 c1 e0 06 48 03 c2 48 85 c0
0x00007ffeb2223889:   74 0c 48 8b 48 08 eb 08 48 83 c0 08 eb ef 33 c9
0x00007ffeb2223899:   49 3b 8e d8 52 03 00 76 6b 48 8b 87 80 02 00 00
0x00007ffeb22238a9:   48 89 06 48 89 9f 80 02 00 00 ff 87 88 02 00 00 


Register to memory mapping:

RAX=0x000001e3df3ae868 is an unknown value
RBX=0x000001e3df3ae7a0 is an unknown value
RCX=0x0000000000000000 is an unknown value
RDX=0x000001e3df3ae868 is an unknown value
RSP=0x000000a8288fea00 is an unknown value
RBP=0x000001e3df3af2c0 is an unknown value
RSI=0x000001e3df3aecb0 is an unknown value
RDI=0x000001e3df47d1e0 is an unknown value
R8 =0x0000000000000030 is an unknown value
R9 =0x0000000000000000 is an unknown value
R10=0x0000000000000000 is an unknown value
R11=0x0000000000000246 is an unknown value
R12=0x0000000000000000 is an unknown value
R13=0x0000000000000000 is an unknown value
R14=0x0000000000000000 is an unknown value
R15=0x0000000000000000 is an unknown value


Stack: [0x000000a828800000,0x000000a828900000],  sp=0x000000a8288fea00,  free space=1018k
Native frames: (J=compiled Java code, j=interpreted, Vv=VM code, C=native code)
C  [ig11icd64.dll+0x593899]
C  [ig11icd64.dll+0x575884]
C  [ig11icd64.dll+0x723f31]
C  [ig11icd64.dll+0x5d0c33]
C  [ig11icd64.dll+0x660aa5]
C  [ig11icd64.dll+0x660c3d]
C  [ig11icd64.dll+0x571a29]
C  [ig11icd64.dll+0x5718b9]
C  [ig11icd64.dll+0x52580b]
C  [ntdll.dll+0x19a1d]
C  [ntdll.dll+0x5db91]
C  [ntdll.dll+0x5da2d]
C  [KERNEL32.DLL+0x1e0ab]
C  [msvcr120.dll+0x229a7]
V  [jvm.dll+0x1e16c5]
V  [jvm.dll+0x21c4f7]
V  [jvm.dll+0x21abca]
V  [jvm.dll+0x21b2df]
V  [jvm.dll+0x21b73d]
V  [jvm.dll+0x26706a]
C  [msvcr120.dll+0x24f7f]
C  [msvcr120.dll+0x25126]
C  [KERNEL32.DLL+0x17034]
C  [ntdll.dll+0x52651]

VM_Operation (0x000000a827ffedc0): Exit, mode: safepoint, requested by thread 0x000001e3c452b000


---------------  P R O C E S S  ---------------

Java Threads: ( => current thread )
  0x000001e3dd2a7000 JavaThread "com.google.inject.internal.util.$Finalizer" daemon [_thread_blocked, id=7800, stack(0x000000a829400000,0x000000a829500000)]
  0x000001e3dce8f000 JavaThread "EMF Reference Cleaner" daemon [_thread_blocked, id=13744, stack(0x000000a829300000,0x000000a829400000)]
  0x000001e3dc3b8800 JavaThread "Service Thread" daemon [_thread_blocked, id=16956, stack(0x000000a829100000,0x000000a829200000)]
  0x000001e3da549800 JavaThread "C1 CompilerThread3" daemon [_thread_blocked, id=16644, stack(0x000000a829000000,0x000000a829100000)]
  0x000001e3da53e800 JavaThread "C2 CompilerThread2" daemon [_thread_blocked, id=16904, stack(0x000000a828f00000,0x000000a829000000)]
  0x000001e3da53d800 JavaThread "C2 CompilerThread1" daemon [_thread_blocked, id=8484, stack(0x000000a828e00000,0x000000a828f00000)]
  0x000001e3da53c000 JavaThread "C2 CompilerThread0" daemon [_thread_blocked, id=9012, stack(0x000000a828d00000,0x000000a828e00000)]
  0x000001e3da534800 JavaThread "Attach Listener" daemon [_thread_blocked, id=10416, stack(0x000000a828c00000,0x000000a828d00000)]
  0x000001e3da52f000 JavaThread "Signal Dispatcher" daemon [_thread_blocked, id=20240, stack(0x000000a828b00000,0x000000a828c00000)]
  0x000001e3da4ff000 JavaThread "Finalizer" daemon [_thread_blocked, id=11588, stack(0x000000a828a00000,0x000000a828b00000)]
  0x000001e3da4f7800 JavaThread "Reference Handler" daemon [_thread_blocked, id=19752, stack(0x000000a828900000,0x000000a828a00000)]
  0x000001e3c452b000 JavaThread "main" [_thread_blocked, id=17300, stack(0x000000a827f00000,0x000000a828000000)]

Other Threads:
=>0x000001e3da4cd000 VMThread [stack: 0x000000a828800000,0x000000a828900000] [id=3736]

VM state:at safepoint (shutting down)

VM Mutex/Monitor currently owned by a thread:  ([mutex/lock_event])
[0x000001e3c4528340] Threads_lock - owner thread: 0x000001e3da4cd000

heap address: 0x0000000083200000, size: 1998 MB, Compressed Oops mode: 32-bit
Narrow klass base: 0x0000000000000000, Narrow klass shift: 3
Compressed class space size: 1073741824 Address: 0x0000000100000000

Heap:
 PSYoungGen      total 70656K, used 16858K [0x00000000d6600000, 0x00000000e0300000, 0x0000000100000000)
  eden space 65536K, 25% used [0x00000000d6600000,0x00000000d7676900,0x00000000da600000)
  from space 5120K, 0% used [0x00000000da600000,0x00000000da600000,0x00000000dab00000)
  to   space 14848K, 0% used [0x00000000df480000,0x00000000df480000,0x00000000e0300000)
 ParOldGen       total 80896K, used 20312K [0x0000000083200000, 0x0000000088100000, 0x00000000d6600000)
  object space 80896K, 25% used [0x0000000083200000,0x00000000845d6360,0x0000000088100000)
 Metaspace       used 23380K, capacity 23659K, committed 23936K, reserved 1071104K
  class space    used 2833K, capacity 2920K, committed 2944K, reserved 1048576K

Card table byte_map: [0x000001e3d52b0000,0x000001e3d56a0000] byte_map_base: 0x000001e3d4e97000

Marking Bits: (ParMarkBitMap*) 0x000000006ba9c820
 Begin Bits: [0x000001e3d5940000, 0x000001e3d7878000)
 End Bits:   [0x000001e3d7878000, 0x000001e3d97b0000)

Polling page: 0x000001e3c44d0000

CodeCache: size=245760Kb used=11150Kb max_used=11169Kb free=234609Kb
 bounds [0x000001e3c5ef0000, 0x000001e3c69f0000, 0x000001e3d4ef0000]
 total_blobs=4158 nmethods=3569 adapters=500
 compilation: enabled

Compilation events (10 events):
Event: 3.371 Thread 0x000001e3da549800 3568       3       java.nio.HeapCharBuffer::<init> (14 bytes)
Event: 3.371 Thread 0x000001e3da549800 nmethod 3568 0x000001e3c69c05d0 code [0x000001e3c69c0740, 0x000001e3c69c0990]
Event: 3.371 Thread 0x000001e3da549800 3570       3       sun.nio.cs.UTF_8$Encoder::encodeArrayLoop (489 bytes)
Event: 3.374 Thread 0x000001e3da549800 nmethod 3570 0x000001e3c69cf010 code [0x000001e3c69cf580, 0x000001e3c69d2bf0]
Event: 3.374 Thread 0x000001e3da549800 3571       3       java.io.BufferedWriter::ensureOpen (18 bytes)
Event: 3.374 Thread 0x000001e3da549800 nmethod 3571 0x000001e3c69c8c50 code [0x000001e3c69c8dc0, 0x000001e3c69c9010]
Event: 3.374 Thread 0x000001e3da549800 3572       1       sun.nio.cs.StreamEncoder::isOpen (5 bytes)
Event: 3.374 Thread 0x000001e3da549800 nmethod 3572 0x000001e3c69cd390 code [0x000001e3c69cd4e0, 0x000001e3c69cd5f8]
Event: 3.387 Thread 0x000001e3da53c000 nmethod 3538 0x000001e3c69d88d0 code [0x000001e3c69d8b60, 0x000001e3c69daa90]
Event: 3.389 Thread 0x000001e3da53d800 nmethod 3537 0x000001e3c69dc5d0 code [0x000001e3c69dc860, 0x000001e3c69de770]

GC Heap History (10 events):
Event: 0.757 GC heap before
{Heap before GC invocations=2 (full 0):
 PSYoungGen      total 37888K, used 37872K [0x00000000d6600000, 0x00000000d9000000, 0x0000000100000000)
  eden space 32768K, 100% used [0x00000000d6600000,0x00000000d8600000,0x00000000d8600000)
  from space 5120K, 99% used [0x00000000d8600000,0x00000000d8afc1e8,0x00000000d8b00000)
  to   space 5120K, 0% used [0x00000000d8b00000,0x00000000d8b00000,0x00000000d9000000)
 ParOldGen       total 86016K, used 1598K [0x0000000083200000, 0x0000000088600000, 0x00000000d6600000)
  object space 86016K, 1% used [0x0000000083200000,0x000000008338fa90,0x0000000088600000)
 Metaspace       used 8694K, capacity 8744K, committed 8832K, reserved 1056768K
  class space    used 1041K, capacity 1076K, committed 1152K, reserved 1048576K
Event: 0.763 GC heap after
Heap after GC invocations=2 (full 0):
 PSYoungGen      total 37888K, used 5092K [0x00000000d6600000, 0x00000000db000000, 0x0000000100000000)
  eden space 32768K, 0% used [0x00000000d6600000,0x00000000d6600000,0x00000000d8600000)
  from space 5120K, 99% used [0x00000000d8b00000,0x00000000d8ff9018,0x00000000d9000000)
  to   space 5120K, 0% used [0x00000000d8600000,0x00000000d8600000,0x00000000d8b00000)
 ParOldGen       total 86016K, used 12566K [0x0000000083200000, 0x0000000088600000, 0x00000000d6600000)
  object space 86016K, 14% used [0x0000000083200000,0x0000000083e45ab0,0x0000000088600000)
 Metaspace       used 8694K, capacity 8744K, committed 8832K, reserved 1056768K
  class space    used 1041K, capacity 1076K, committed 1152K, reserved 1048576K
}
Event: 1.092 GC heap before
{Heap before GC invocations=3 (full 0):
 PSYoungGen      total 37888K, used 37860K [0x00000000d6600000, 0x00000000db000000, 0x0000000100000000)
  eden space 32768K, 100% used [0x00000000d6600000,0x00000000d8600000,0x00000000d8600000)
  from space 5120K, 99% used [0x00000000d8b00000,0x00000000d8ff9018,0x00000000d9000000)
  to   space 5120K, 0% used [0x00000000d8600000,0x00000000d8600000,0x00000000d8b00000)
 ParOldGen       total 86016K, used 12566K [0x0000000083200000, 0x0000000088600000, 0x00000000d6600000)
  object space 86016K, 14% used [0x0000000083200000,0x0000000083e45ab0,0x0000000088600000)
 Metaspace       used 12110K, capacity 12244K, committed 12416K, reserved 1060864K
  class space    used 1521K, capacity 1558K, committed 1664K, reserved 1048576K
Event: 1.099 GC heap after
Heap after GC invocations=3 (full 0):
 PSYoungGen      total 37888K, used 5106K [0x00000000d6600000, 0x00000000db000000, 0x0000000100000000)
  eden space 32768K, 0% used [0x00000000d6600000,0x00000000d6600000,0x00000000d8600000)
  from space 5120K, 99% used [0x00000000d8600000,0x00000000d8afcac0,0x00000000d8b00000)
  to   space 5120K, 0% used [0x00000000dab00000,0x00000000dab00000,0x00000000db000000)
 ParOldGen       total 86016K, used 19021K [0x0000000083200000, 0x0000000088600000, 0x00000000d6600000)
  object space 86016K, 22% used [0x0000000083200000,0x0000000084493468,0x0000000088600000)
 Metaspace       used 12110K, capacity 12244K, committed 12416K, reserved 1060864K
  class space    used 1521K, capacity 1558K, committed 1664K, reserved 1048576K
}
Event: 1.515 GC heap before
{Heap before GC invocations=4 (full 0):
 PSYoungGen      total 37888K, used 37874K [0x00000000d6600000, 0x00000000db000000, 0x0000000100000000)
  eden space 32768K, 100% used [0x00000000d6600000,0x00000000d8600000,0x00000000d8600000)
  from space 5120K, 99% used [0x00000000d8600000,0x00000000d8afcac0,0x00000000d8b00000)
  to   space 5120K, 0% used [0x00000000dab00000,0x00000000dab00000,0x00000000db000000)
 ParOldGen       total 86016K, used 19021K [0x0000000083200000, 0x0000000088600000, 0x00000000d6600000)
  object space 86016K, 22% used [0x0000000083200000,0x0000000084493468,0x0000000088600000)
 Metaspace       used 15966K, capacity 16106K, committed 16256K, reserved 1062912K
  class space    used 2074K, capacity 2111K, committed 2176K, reserved 1048576K
Event: 1.522 GC heap after
Heap after GC invocations=4 (full 0):
 PSYoungGen      total 70656K, used 5108K [0x00000000d6600000, 0x00000000db000000, 0x0000000100000000)
  eden space 65536K, 0% used [0x00000000d6600000,0x00000000d6600000,0x00000000da600000)
  from space 5120K, 99% used [0x00000000dab00000,0x00000000daffd028,0x00000000db000000)
  to   space 5120K, 0% used [0x00000000da600000,0x00000000da600000,0x00000000dab00000)
 ParOldGen       total 86016K, used 25214K [0x0000000083200000, 0x0000000088600000, 0x00000000d6600000)
  object space 86016K, 29% used [0x0000000083200000,0x0000000084a9fbe0,0x0000000088600000)
 Metaspace       used 15966K, capacity 16106K, committed 16256K, reserved 1062912K
  class space    used 2074K, capacity 2111K, committed 2176K, reserved 1048576K
}
Event: 2.702 GC heap before
{Heap before GC invocations=5 (full 0):
 PSYoungGen      total 70656K, used 58977K [0x00000000d6600000, 0x00000000db000000, 0x0000000100000000)
  eden space 65536K, 82% used [0x00000000d6600000,0x00000000d9a9b470,0x00000000da600000)
  from space 5120K, 99% used [0x00000000dab00000,0x00000000daffd028,0x00000000db000000)
  to   space 5120K, 0% used [0x00000000da600000,0x00000000da600000,0x00000000dab00000)
 ParOldGen       total 86016K, used 25214K [0x0000000083200000, 0x0000000088600000, 0x00000000d6600000)
  object space 86016K, 29% used [0x0000000083200000,0x0000000084a9fbe0,0x0000000088600000)
 Metaspace       used 20866K, capacity 21078K, committed 21248K, reserved 1067008K
  class space    used 2637K, capacity 2693K, committed 2816K, reserved 1048576K
Event: 2.716 GC heap after
Heap after GC invocations=5 (full 0):
 PSYoungGen      total 70656K, used 5097K [0x00000000d6600000, 0x00000000e0300000, 0x0000000100000000)
  eden space 65536K, 0% used [0x00000000d6600000,0x00000000d6600000,0x00000000da600000)
  from space 5120K, 99% used [0x00000000da600000,0x00000000daafa6d0,0x00000000dab00000)
  to   space 14848K, 0% used [0x00000000df480000,0x00000000df480000,0x00000000e0300000)
 ParOldGen       total 86016K, used 31329K [0x0000000083200000, 0x0000000088600000, 0x00000000d6600000)
  object space 86016K, 36% used [0x0000000083200000,0x00000000850985a8,0x0000000088600000)
 Metaspace       used 20866K, capacity 21078K, committed 21248K, reserved 1067008K
  class space    used 2637K, capacity 2693K, committed 2816K, reserved 1048576K
}
Event: 2.716 GC heap before
{Heap before GC invocations=6 (full 1):
 PSYoungGen      total 70656K, used 5097K [0x00000000d6600000, 0x00000000e0300000, 0x0000000100000000)
  eden space 65536K, 0% used [0x00000000d6600000,0x00000000d6600000,0x00000000da600000)
  from space 5120K, 99% used [0x00000000da600000,0x00000000daafa6d0,0x00000000dab00000)
  to   space 14848K, 0% used [0x00000000df480000,0x00000000df480000,0x00000000e0300000)
 ParOldGen       total 86016K, used 31329K [0x0000000083200000, 0x0000000088600000, 0x00000000d6600000)
  object space 86016K, 36% used [0x0000000083200000,0x00000000850985a8,0x0000000088600000)
 Metaspace       used 20866K, capacity 21078K, committed 21248K, reserved 1067008K
  class space    used 2637K, capacity 2693K, committed 2816K, reserved 1048576K
Event: 2.768 GC heap after
Heap after GC invocations=6 (full 1):
 PSYoungGen      total 70656K, used 0K [0x00000000d6600000, 0x00000000e0300000, 0x0000000100000000)
  eden space 65536K, 0% used [0x00000000d6600000,0x00000000d6600000,0x00000000da600000)
  from space 5120K, 0% used [0x00000000da600000,0x00000000da600000,0x00000000dab00000)
  to   space 14848K, 0% used [0x00000000df480000,0x00000000df480000,0x00000000e0300000)
 ParOldGen       total 80896K, used 20312K [0x0000000083200000, 0x0000000088100000, 0x00000000d6600000)
  object space 80896K, 25% used [0x0000000083200000,0x00000000845d6360,0x0000000088100000)
 Metaspace       used 20866K, capacity 21078K, committed 21248K, reserved 1067008K
  class space    used 2637K, capacity 2693K, committed 2816K, reserved 1048576K
}

Deoptimization events (10 events):
Event: 2.218 Thread 0x000001e3c452b000 Uncommon trap: reason=unstable_if action=reinterpret pc=0x000001e3c644570c method=java.util.concurrent.ConcurrentHashMap.putVal(Ljava/lang/Object;Ljava/lang/Object;Z)Ljava/lang/Object; @ 181
Event: 2.298 Thread 0x000001e3c452b000 Uncommon trap: reason=bimorphic action=maybe_recompile pc=0x000001e3c67d5568 method=com.google.common.collect.AbstractIterator.tryToComputeNext()Z @ 9
Event: 2.298 Thread 0x000001e3c452b000 Uncommon trap: reason=bimorphic action=maybe_recompile pc=0x000001e3c67d5568 method=com.google.common.collect.AbstractIterator.tryToComputeNext()Z @ 9
Event: 2.298 Thread 0x000001e3c452b000 Uncommon trap: reason=bimorphic action=maybe_recompile pc=0x000001e3c67d5568 method=com.google.common.collect.AbstractIterator.tryToComputeNext()Z @ 9
Event: 2.298 Thread 0x000001e3c452b000 Uncommon trap: reason=bimorphic action=maybe_recompile pc=0x000001e3c67d5568 method=com.google.common.collect.AbstractIterator.tryToComputeNext()Z @ 9
Event: 2.686 Thread 0x000001e3c452b000 Uncommon trap: reason=unstable_if action=reinterpret pc=0x000001e3c623988c method=java.io.WinNTFileSystem.normalize(Ljava/lang/String;)Ljava/lang/String; @ 49
Event: 2.887 Thread 0x000001e3c452b000 Uncommon trap: reason=unstable_if action=reinterpret pc=0x000001e3c60ab248 method=java.lang.ThreadLocal$ThreadLocalMap.getEntry(Ljava/lang/ThreadLocal;)Ljava/lang/ThreadLocal$ThreadLocalMap$Entry; @ 29
Event: 2.887 Thread 0x000001e3c452b000 Uncommon trap: reason=unstable_if action=reinterpret pc=0x000001e3c60ab6dc method=java.lang.ThreadLocal$ThreadLocalMap.getEntry(Ljava/lang/ThreadLocal;)Ljava/lang/ThreadLocal$ThreadLocalMap$Entry; @ 29
Event: 3.171 Thread 0x000001e3df6e9800 Uncommon trap: reason=null_check action=make_not_entrant pc=0x000001e3c629aa80 method=java.lang.StringCoding.deref(Ljava/lang/ThreadLocal;)Ljava/lang/Object; @ 4
Event: 3.277 Thread 0x000001e3df6e9800 Uncommon trap: reason=unstable_if action=reinterpret pc=0x000001e3c607a668 method=java.lang.Integer.parseInt(Ljava/lang/String;I)I @ 122

Classes redefined (0 events):
No events

Internal exceptions (10 events):
Event: 2.300 Thread 0x000001e3c452b000 Exception <a 'java/io/FileNotFoundException'> (0x00000000d86709a0) thrown at [J:\jenkins\tmp\workspace\build\src\hotspot\src\share\vm\prims\jni.cpp, line 711]
Event: 2.305 Thread 0x000001e3c452b000 Exception <a 'java/io/FileNotFoundException'> (0x00000000d86abf78) thrown at [J:\jenkins\tmp\workspace\build\src\hotspot\src\share\vm\prims\jni.cpp, line 711]
Event: 2.360 Thread 0x000001e3c452b000 Exception <a 'java/lang/reflect/InvocationTargetException'> (0x00000000d89a8dd8) thrown at [J:\jenkins\tmp\workspace\build\src\hotspot\src\share\vm\runtime\reflection.cpp, line 1092]
Event: 2.918 Thread 0x000001e3c452b000 Exception <a 'java/security/PrivilegedActionException'> (0x00000000d68320d8) thrown at [J:\jenkins\tmp\workspace\build\src\hotspot\src\share\vm\prims\jvm.cpp, line 1523]
Event: 2.918 Thread 0x000001e3c452b000 Exception <a 'java/security/PrivilegedActionException'> (0x00000000d6833608) thrown at [J:\jenkins\tmp\workspace\build\src\hotspot\src\share\vm\prims\jvm.cpp, line 1523]
Event: 2.918 Thread 0x000001e3c452b000 Exception <a 'java/security/PrivilegedActionException'> (0x00000000d6834a38) thrown at [J:\jenkins\tmp\workspace\build\src\hotspot\src\share\vm\prims\jvm.cpp, line 1523]
Event: 2.918 Thread 0x000001e3c452b000 Exception <a 'java/security/PrivilegedActionException'> (0x00000000d68360f8) thrown at [J:\jenkins\tmp\workspace\build\src\hotspot\src\share\vm\prims\jvm.cpp, line 1523]
Event: 2.918 Thread 0x000001e3c452b000 Exception <a 'java/security/PrivilegedActionException'> (0x00000000d68374f0) thrown at [J:\jenkins\tmp\workspace\build\src\hotspot\src\share\vm\prims\jvm.cpp, line 1523]
Event: 2.918 Thread 0x000001e3c452b000 Exception <a 'java/security/PrivilegedActionException'> (0x00000000d68388b8) thrown at [J:\jenkins\tmp\workspace\build\src\hotspot\src\share\vm\prims\jvm.cpp, line 1523]
Event: 3.171 Thread 0x000001e3df6e9800 Implicit null exception at 0x000001e3c629a23f to 0x000001e3c629aa65

Events (10 events):
Event: 3.372 Thread 0x000001e3df6e9800 Thread exited: 0x000001e3df6e9800
Event: 3.372 loading class org/uqbar/project/wollok/interpreter/WollokInterpreter$3
Event: 3.372 loading class org/uqbar/project/wollok/interpreter/WollokInterpreter$3 done
Event: 3.402 loading class java/util/IdentityHashMap$KeyIterator
Event: 3.403 loading class java/util/IdentityHashMap$KeyIterator done
Event: 3.403 Thread 0x000001e3df6e9800 Thread added: 0x000001e3df6e9800
Event: 3.403 Thread 0x000001e3dfb29800 Thread added: 0x000001e3dfb29800
Event: 3.403 Thread 0x000001e3df6e9800 Thread exited: 0x000001e3df6e9800
Event: 3.420 Thread 0x000001e3dfb29800 Thread exited: 0x000001e3dfb29800
Event: 3.420 Executing VM operation: Exit


Dynamic libraries:
0x00007ff6c6420000 - 0x00007ff6c645a000 	C:\Program Files\Eclipse Foundation\jdk-8.0.302.8-hotspot\bin\javaw.exe
0x00007fff021f0000 - 0x00007fff023e5000 	C:\WINDOWS\SYSTEM32\ntdll.dll
0x00007fff01710000 - 0x00007fff017ce000 	C:\WINDOWS\System32\KERNEL32.DLL
0x00007ffeffa10000 - 0x00007ffeffcd9000 	C:\WINDOWS\System32\KERNELBASE.dll
0x00007fff017d0000 - 0x00007fff0187c000 	C:\WINDOWS\System32\ADVAPI32.dll
0x00007fff01670000 - 0x00007fff0170e000 	C:\WINDOWS\System32\msvcrt.dll
0x00007fff015d0000 - 0x00007fff0166b000 	C:\WINDOWS\System32\sechost.dll
0x00007fff01880000 - 0x00007fff019aa000 	C:\WINDOWS\System32\RPCRT4.dll
0x00007fff00f10000 - 0x00007fff010b1000 	C:\WINDOWS\System32\USER32.dll
0x00007ffeffce0000 - 0x00007ffeffd02000 	C:\WINDOWS\System32\win32u.dll
0x00007fff010c0000 - 0x00007fff010eb000 	C:\WINDOWS\System32\GDI32.dll
0x00007ffeffda0000 - 0x00007ffeffeab000 	C:\WINDOWS\System32\gdi32full.dll
0x00007ffeff910000 - 0x00007ffeff9ad000 	C:\WINDOWS\System32\msvcp_win.dll
0x00007ffeffeb0000 - 0x00007ffefffb0000 	C:\WINDOWS\System32\ucrtbase.dll
0x00007ffeeb5f0000 - 0x00007ffeeb88a000 	C:\WINDOWS\WinSxS\amd64_microsoft.windows.common-controls_6595b64144ccf1df_6.0.19041.1110_none_60b5254171f9507e\COMCTL32.dll
0x00007fff013e0000 - 0x00007fff01410000 	C:\WINDOWS\System32\IMM32.DLL
0x00007ffec8350000 - 0x00007ffec843f000 	C:\Program Files\Eclipse Foundation\jdk-8.0.302.8-hotspot\jre\bin\msvcr120.dll
0x00007ffec82a0000 - 0x00007ffec8346000 	C:\Program Files\Eclipse Foundation\jdk-8.0.302.8-hotspot\jre\bin\msvcp120.dll
0x000000006b2b0000 - 0x000000006bb1b000 	C:\Program Files\Eclipse Foundation\jdk-8.0.302.8-hotspot\jre\bin\server\jvm.dll
0x00007fff013b0000 - 0x00007fff013b8000 	C:\WINDOWS\System32\PSAPI.DLL
0x00007ffefbf90000 - 0x00007ffefbf99000 	C:\WINDOWS\SYSTEM32\WSOCK32.dll
0x00007fff012c0000 - 0x00007fff0132b000 	C:\WINDOWS\System32\WS2_32.dll
0x00007ffefa370000 - 0x00007ffefa37a000 	C:\WINDOWS\SYSTEM32\VERSION.dll
0x00007ffee5c80000 - 0x00007ffee5ca7000 	C:\WINDOWS\SYSTEM32\WINMM.dll
0x00007ffefb040000 - 0x00007ffefb04f000 	C:\Program Files\Eclipse Foundation\jdk-8.0.302.8-hotspot\jre\bin\verify.dll
0x00007ffee8810000 - 0x00007ffee8839000 	C:\Program Files\Eclipse Foundation\jdk-8.0.302.8-hotspot\jre\bin\java.dll
0x00007ffefaff0000 - 0x00007ffefb006000 	C:\Program Files\Eclipse Foundation\jdk-8.0.302.8-hotspot\jre\bin\zip.dll
0x00007fff01a60000 - 0x00007fff0219f000 	C:\WINDOWS\System32\SHELL32.dll
0x00007ffefd9f0000 - 0x00007ffefe180000 	C:\WINDOWS\SYSTEM32\windows.storage.dll
0x00007fff002a0000 - 0x00007fff005f5000 	C:\WINDOWS\System32\combase.dll
0x00007ffeff290000 - 0x00007ffeff2bc000 	C:\WINDOWS\SYSTEM32\Wldp.dll
0x00007fff010f0000 - 0x00007fff0119e000 	C:\WINDOWS\System32\SHCORE.dll
0x00007fff01410000 - 0x00007fff01465000 	C:\WINDOWS\System32\shlwapi.dll
0x00007ffeff850000 - 0x00007ffeff86f000 	C:\WINDOWS\SYSTEM32\profapi.dll
0x0000000065580000 - 0x0000000065616000 	C:\Users\leand\AppData\Local\Temp\libgdxleand\12dfaa03\gdx64.dll
0x00007ffeff1e0000 - 0x00007ffeff1f8000 	C:\WINDOWS\SYSTEM32\CRYPTSP.dll
0x00007ffefe970000 - 0x00007ffefe9a4000 	C:\WINDOWS\system32\rsaenh.dll
0x00007fff00060000 - 0x00007fff00087000 	C:\WINDOWS\System32\bcrypt.dll
0x00007ffeff7c0000 - 0x00007ffeff7ee000 	C:\WINDOWS\SYSTEM32\USERENV.dll
0x00007ffeffd10000 - 0x00007ffeffd93000 	C:\WINDOWS\System32\bcryptprimitives.dll
0x00007ffeff200000 - 0x00007ffeff20c000 	C:\WINDOWS\SYSTEM32\CRYPTBASE.dll
0x00007ffefaa20000 - 0x00007ffefaa3a000 	C:\Program Files\Eclipse Foundation\jdk-8.0.302.8-hotspot\jre\bin\net.dll
0x00007ffefeff0000 - 0x00007ffeff05a000 	C:\WINDOWS\system32\mswsock.dll
0x00007ffefece0000 - 0x00007ffefed1b000 	C:\WINDOWS\SYSTEM32\IPHLPAPI.DLL
0x00007fff021a0000 - 0x00007fff021a8000 	C:\WINDOWS\System32\NSI.dll
0x00007ffef6890000 - 0x00007ffef68a7000 	C:\WINDOWS\SYSTEM32\dhcpcsvc6.DLL
0x00007ffef6c70000 - 0x00007ffef6c8d000 	C:\WINDOWS\SYSTEM32\dhcpcsvc.DLL
0x00007ffefed30000 - 0x00007ffefedfc000 	C:\WINDOWS\SYSTEM32\DNSAPI.dll
0x00007ffeee390000 - 0x00007ffeee3a2000 	C:\Program Files\Eclipse Foundation\jdk-8.0.302.8-hotspot\jre\bin\nio.dll
0x0000000180000000 - 0x0000000180053000 	C:\Users\leand\AppData\Local\Temp\libgdxleand\dc0f0009\lwjgl64.dll
0x00007ffed77b0000 - 0x00007ffed78d5000 	C:\WINDOWS\SYSTEM32\OPENGL32.dll
0x00007ffeea3c0000 - 0x00007ffeea3ec000 	C:\WINDOWS\SYSTEM32\GLU32.dll
0x000001e3e0cb0000 - 0x000001e3e0d14000 	C:\Users\leand\AppData\Local\Temp\libgdxleand\dc0f0009\OpenAL64.dll
0x00007fff00960000 - 0x00007fff00a8a000 	C:\WINDOWS\System32\ole32.dll
0x00007ffefe2e0000 - 0x00007ffefe2f2000 	C:\WINDOWS\SYSTEM32\kernel.appcore.dll
0x00007ffefcf80000 - 0x00007ffefd01e000 	C:\WINDOWS\system32\uxtheme.dll
0x00007fff019b0000 - 0x00007fff01a59000 	C:\WINDOWS\System32\clbcatq.dll
0x00007ffec22a0000 - 0x00007ffec233c000 	C:\WINDOWS\SYSTEM32\dsound.dll
0x00007ffeff800000 - 0x00007ffeff84b000 	C:\WINDOWS\SYSTEM32\powrprof.dll
0x00007ffee8c00000 - 0x00007ffee8c26000 	C:\WINDOWS\SYSTEM32\winmmbase.dll
0x00007ffeff7a0000 - 0x00007ffeff7b2000 	C:\WINDOWS\SYSTEM32\UMPDC.dll
0x00007ffef7930000 - 0x00007ffef79b5000 	C:\WINDOWS\System32\MMDevApi.dll
0x00007ffeff5e0000 - 0x00007ffeff614000 	C:\WINDOWS\System32\DEVOBJ.dll
0x00007fff00090000 - 0x00007fff000de000 	C:\WINDOWS\System32\cfgmgr32.dll
0x00007ffee84d0000 - 0x00007ffee8651000 	C:\WINDOWS\SYSTEM32\AUDIOSES.DLL
0x00007fff00890000 - 0x00007fff0095d000 	C:\WINDOWS\System32\OLEAUT32.dll
0x00007ffefd080000 - 0x00007ffefd094000 	C:\WINDOWS\SYSTEM32\resourcepolicyclient.dll
0x00007ffef99c0000 - 0x00007ffef9a6e000 	C:\WINDOWS\SYSTEM32\mscms.dll
0x00007ffef96d0000 - 0x00007ffef96e1000 	C:\WINDOWS\SYSTEM32\ColorAdapterClient.dll
0x00007ffef6650000 - 0x00007ffef6694000 	C:\Windows\System32\Windows.Internal.Graphics.Display.DisplayColorManagement.dll
0x00007fff011a0000 - 0x00007fff012b5000 	C:\WINDOWS\System32\MSCTF.dll
0x00007ffef7780000 - 0x00007ffef7879000 	C:\Windows\System32\AppXDeploymentClient.dll
0x00007ffeb1c90000 - 0x00007ffeb2c99000 	C:\WINDOWS\System32\DriverStore\FileRepository\iigd_dch.inf_amd64_a634af1513618033\ig11icd64.dll
0x00007ffefd250000 - 0x00007ffefd27f000 	C:\WINDOWS\system32\dwmapi.dll
0x00007ffefe1e0000 - 0x00007ffefe2d4000 	C:\WINDOWS\system32\dxgi.dll
0x00007ffef5360000 - 0x00007ffef559f000 	C:\WINDOWS\System32\DriverStore\FileRepository\iigd_dch.inf_amd64_a634af1513618033\igdgmm64.dll
0x00007ffef8360000 - 0x00007ffef8459000 	C:\WINDOWS\SYSTEM32\textinputframework.dll
0x00007ffefba00000 - 0x00007ffefbaf2000 	C:\WINDOWS\System32\CoreMessaging.dll
0x00007ffefbb00000 - 0x00007ffefbe5e000 	C:\WINDOWS\System32\CoreUIComponents.dll
0x00007ffefb8a0000 - 0x00007ffefb9f4000 	C:\WINDOWS\SYSTEM32\wintypes.dll
0x00007ffefe600000 - 0x00007ffefe633000 	C:\WINDOWS\SYSTEM32\ntmarta.dll
0x00007ffec7ea0000 - 0x00007ffec7ee3000 	C:\WINDOWS\SYSTEM32\icm32.dll
0x00007ffec0f00000 - 0x00007ffec130c000 	C:\WINDOWS\System32\DriverStore\FileRepository\iigd_dch.inf_amd64_a634af1513618033\igdml64.dll
0x00007ffee0050000 - 0x00007ffee2c19000 	C:\WINDOWS\System32\DriverStore\FileRepository\iigd_dch.inf_amd64_a634af1513618033\igc64.dll
0x00007ffefd700000 - 0x00007ffefd8e4000 	C:\WINDOWS\SYSTEM32\dbghelp.dll

VM Arguments:
jvm_args: -Duser.language=es_AR -Dfile.encoding=UTF-8 
java_command: org.uqbar.project.wollok.launch.WollokLauncher -requestsPort 0 -eventsPort 0 -folder -dontValidate -coercingStrategy decimals -wf src/juego.wpgm -darkMode
java_class_path (initial): C:\Users\leand\git\2021-o-tpi-juego-e35ms\bin;C:\Program Files\wollok-win32.win32.x86_64\plugins\com.ibm.icu_64.2.0.v20190507-1337.jar;C:\Program Files\wollok-win32.win32.x86_64\plugins\org.eclipse.xtext_2.20.0.v20191202-0915.jar;C:\Program Files\wollok-win32.win32.x86_64\plugins\org.eclipse.emf.ecore.xmi_2.16.0.v20190528-0725.jar;C:\Program Files\wollok-win32.win32.x86_64\plugins\org.eclipse.emf.ecore_2.20.0.v20190920-0401.jar;C:\Program Files\wollok-win32.win32.x86_64\plugins\org.eclipse.emf.common_2.17.0.v20190920-0401.jar;C:\Program Files\wollok-win32.win32.x86_64\plugins\org.antlr.runtime_3.2.0.v201101311130.jar;C:\Program Files\wollok-win32.win32.x86_64\plugins\com.google.inject_3.0.0.v201605172100.jar;C:\Program Files\wollok-win32.win32.x86_64\plugins\org.eclipse.emf.mwe.core_1.5.1.v20191121-1148.jar;C:\Program Files\wollok-win32.win32.x86_64\plugins\org.apache.commons.cli_1.2.0.v201404270220.jar;C:\Program Files\wollok-win32.win32.x86_64\plugins\org.eclipse.emf.mwe2.runtime_2.11.1.v20191121-1148.jar;C:\Program Files\wollok-win32.win32.x86_64\plugins\org.eclipse.emf.mwe.utils_1.5.1.v20191121-1148.jar;C:\Program Files\wollok-win32.win32.x86_64\plugins\org.eclipse.xtext.util_2.20.0.v20191202-0915.jar;C:\Program Files\wollok-win32.win32.x86_64\plugins\com.google.guava_27.1.0.v20190517-1946.jar;C:\Program Files\wollok-win32.win32.x86_64\plugins\javax.inject_1.0.0.v20091030.jar;C:\Program Files\wollok-win32.win32.x86_64\plugins\org.eclipse.xtext.generator_2.20.0.v20191202-0933.jar;C:\Program Files\wollok-win32.win32.x86_64\plugins\org.eclipse.xtext.xtext.generator_2.20.0.v20191202-0915.jar;C:\Program Files\wollok-win32.win32.x86_64\plugins\org.eclipse.xtext.xbase.lib_2.20.0.v20191202-0907.jar;C:\Program Files\wollok-win32.win32.x86_64\plugins\org.eclipse.emf.codegen.ecore_2.20.0.v20191012-0918.jar;C:\Program Files\wollok-win32.win32.x86_64\plugins\org.eclipse.emf.codegen_2.19.0.v20190821-1536.jar;C:\Program Files\wollok-win32.win32.x86
Launcher Type: SUN_STANDARD

Environment Variables:
PATH=C:/Program Files/Eclipse Foundation/jdk-8.0.302.8-hotspot/bin/../jre/bin/server;C:/Program Files/Eclipse Foundation/jdk-8.0.302.8-hotspot/bin/../jre/bin;C:/Program Files/Eclipse Foundation/jdk-8.0.302.8-hotspot/bin/../jre/lib/amd64;C:\Program Files\Eclipse Foundation\jdk-8.0.302.8-hotspot\bin;C:\WINDOWS\system32;C:\WINDOWS;C:\WINDOWS\System32\Wbem;C:\WINDOWS\System32\WindowsPowerShell\v1.0\;C:\WINDOWS\System32\OpenSSH\;C:\Program Files\Git\cmd;C:\Program Files\swipl\bin;C:\Users\leand\AppData\Roaming\local\bin;C:\Users\leand\AppData\Local\Microsoft\WindowsApps;C:\Users\leand\AppData\Local\Programs\Microsoft VS Code\bin;C:\MinGW\bin;;C:\Program Files\wollok-win32.win32.x86_64;
USERNAME=leand
OS=Windows_NT
PROCESSOR_IDENTIFIER=Intel64 Family 6 Model 126 Stepping 5, GenuineIntel



---------------  S Y S T E M  ---------------

OS: Windows 10.0 , 64 bit Build 19041 (10.0.19041.1202)

CPU:total 8 (initial active 8) (4 cores per cpu, 2 threads per core) family 6 model 126 stepping 5, cmov, cx8, fxsr, mmx, sse, sse2, sse3, ssse3, sse4.1, sse4.2, popcnt, avx, avx2, aes, clmul, erms, 3dnowpref, lzcnt, ht, tsc, tscinvbit, bmi1, bmi2, adx

Memory: 4k page, physical 8178936k(1490508k free), swap 13134072k(3731260k free)

vm_info: OpenJDK 64-Bit Server VM (25.302-b08) for windows-amd64 JRE (1.8.0_302-b08), built on Jul 20 2021 21:31:03 by "jenkins" with MS VC++ 12.0 (VS2013)

time: Sat Oct 02 16:29:21 2021
timezone: Hora estándar de Argentina
elapsed time: 3.634418 seconds (0d 0h 0m 3s)

